2024-07-06 12:43:47,380 - __main__ - DEBUG - Initializing MyBot
2024-07-06 12:43:47,380 - discord.client - DEBUG - on_ready has successfully been registered as an event
2024-07-06 12:43:47,397 - asyncio - DEBUG - Using proactor: IocpProactor
2024-07-06 12:43:47,410 - discord.client - INFO - logging in using static token
2024-07-06 12:43:48,516 - __main__ - DEBUG - Running setup_hook
2024-07-06 12:43:48,831 - __main__ - INFO - Sync command added and tree synced
2024-07-06 12:43:48,831 - __main__ - DEBUG - Loading extensions
2024-07-06 12:43:48,847 - __main__ - DEBUG - Loading extension: cogs.fun
2024-07-06 12:43:48,866 - root - DEBUG - FunCog initialized
2024-07-06 12:43:48,868 - __main__ - DEBUG - Loading extension: cogs.moderation
2024-07-06 12:43:48,878 - root - DEBUG - ModerationCog initialized
2024-07-06 12:43:48,879 - __main__ - DEBUG - Loading extension: cogs.owner_tools
2024-07-06 12:43:48,902 - __main__ - ERROR - Failed to load extension cogs.owner_tools: Extension 'cogs.owner_tools' raised an error: ValueError: 'OwnerTools' must be all lower-case
Traceback (most recent call last):
  File "c:\Users\aleks\AppData\Local\Programs\Python\Python312\Lib\site-packages\discord\ext\commands\bot.py", line 963, in _load_from_module_spec
    await setup(self)
  File "C:\Users\aleks\OneDrive\Desktop\Discord\cogs\owner_tools.py", line 55, in setup
    await bot.add_cog(OwnerCog(bot))
                      ^^^^^^^^^^^^^
  File "c:\Users\aleks\AppData\Local\Programs\Python\Python312\Lib\site-packages\discord\ext\commands\cog.py", line 313, in __new__
    group = app_commands.Group(
            ^^^^^^^^^^^^^^^^^^^
  File "c:\Users\aleks\AppData\Local\Programs\Python\Python312\Lib\site-packages\discord\app_commands\commands.py", line 1569, in __init__
    name, locale = validate_name(name), None
                   ^^^^^^^^^^^^^^^^^^^
  File "c:\Users\aleks\AppData\Local\Programs\Python\Python312\Lib\site-packages\discord\app_commands\commands.py", line 210, in validate_name
    raise ValueError(f'{name!r} must be all lower-case')
ValueError: 'OwnerTools' must be all lower-case

The above exception was the direct cause of the following exception:

Traceback (most recent call last):
  File "C:\Users\aleks\OneDrive\Desktop\Discord\main.py", line 118, in load_extensions
    await self.load_extension(ext)
  File "c:\Users\aleks\AppData\Local\Programs\Python\Python312\Lib\site-packages\discord\ext\commands\bot.py", line 1029, in load_extension
    await self._load_from_module_spec(spec, name)
  File "c:\Users\aleks\AppData\Local\Programs\Python\Python312\Lib\site-packages\discord\ext\commands\bot.py", line 968, in _load_from_module_spec
    raise errors.ExtensionFailed(key, e) from e
discord.ext.commands.errors.ExtensionFailed: Extension 'cogs.owner_tools' raised an error: ValueError: 'OwnerTools' must be all lower-case
2024-07-06 12:43:48,916 - __main__ - DEBUG - Loading extension: cogs.utils
2024-07-06 12:43:48,945 - root - DEBUG - UtilsCog initialized
2024-07-06 12:43:48,948 - __main__ - INFO - Extensions loaded
2024-07-06 12:43:49,540 - discord.gateway - INFO - Shard ID None has connected to Gateway (Session ID: 25522e3853eab0ac92f6ad25aa998cdc).
2024-07-06 12:43:51,556 - __main__ - INFO - Logged in as FriendlyMessagerBot#6052 (ID: 1258369461459615765)
2024-07-06 12:43:51,556 - __main__ - DEBUG - Bot is ready
2024-07-06 12:43:51,556 - __main__ - DEBUG - Updating status
2024-07-06 12:43:51,556 - __main__ - INFO - Status updated
2024-07-06 12:44:26,381 - __main__ - INFO - Received shutdown signal
2024-07-06 12:44:26,381 - __main__ - INFO - Shutting down bot
2024-07-06 12:44:36,461 - __main__ - DEBUG - Initializing MyBot
2024-07-06 12:44:36,477 - discord.client - DEBUG - on_ready has successfully been registered as an event
2024-07-06 12:44:36,486 - asyncio - DEBUG - Using proactor: IocpProactor
2024-07-06 12:44:36,490 - discord.client - INFO - logging in using static token
2024-07-06 12:44:37,493 - __main__ - DEBUG - Running setup_hook
2024-07-06 12:44:37,820 - __main__ - INFO - Sync command added and tree synced
2024-07-06 12:44:37,820 - __main__ - DEBUG - Loading extensions
2024-07-06 12:44:37,836 - __main__ - DEBUG - Loading extension: cogs.fun
2024-07-06 12:44:37,857 - root - DEBUG - FunCog initialized
2024-07-06 12:44:37,859 - __main__ - DEBUG - Loading extension: cogs.moderation
2024-07-06 12:44:37,862 - root - DEBUG - ModerationCog initialized
2024-07-06 12:44:37,862 - __main__ - DEBUG - Loading extension: cogs.owner_tools
2024-07-06 12:44:37,889 - root - DEBUG - OwnerToolsCog initialized
2024-07-06 12:44:37,890 - __main__ - DEBUG - Loading extension: cogs.utils
2024-07-06 12:44:37,904 - root - DEBUG - UtilsCog initialized
2024-07-06 12:44:37,906 - __main__ - INFO - Extensions loaded
2024-07-06 12:44:38,463 - discord.gateway - INFO - Shard ID None has connected to Gateway (Session ID: 8b22f480ee5d1b31c0c16610fc15b0b1).
2024-07-06 12:44:40,489 - __main__ - INFO - Logged in as FriendlyMessagerBot#6052 (ID: 1258369461459615765)
2024-07-06 12:44:40,489 - __main__ - DEBUG - Bot is ready
2024-07-06 12:44:40,489 - __main__ - DEBUG - Updating status
2024-07-06 12:44:40,499 - __main__ - INFO - Status updated
2024-07-06 12:44:50,525 - __main__ - DEBUG - Loading extensions for sync
2024-07-06 12:44:50,525 - __main__ - DEBUG - Loading extensions
2024-07-06 12:44:50,542 - __main__ - DEBUG - Reloading extension: cogs.fun
2024-07-06 12:44:50,567 - root - DEBUG - FunCog initialized
2024-07-06 12:44:50,579 - __main__ - DEBUG - Reloading extension: cogs.moderation
2024-07-06 12:44:50,602 - root - DEBUG - ModerationCog initialized
2024-07-06 12:44:50,604 - __main__ - DEBUG - Reloading extension: cogs.owner_tools
2024-07-06 12:44:50,634 - root - DEBUG - OwnerToolsCog initialized
2024-07-06 12:44:50,634 - __main__ - DEBUG - Reloading extension: cogs.utils
2024-07-06 12:44:50,653 - root - DEBUG - UtilsCog initialized
2024-07-06 12:44:50,663 - __main__ - DEBUG - Extensions loaded
2024-07-06 12:45:38,284 - __main__ - INFO - Successfully synced 5 commands globally: sync, fun, moderation, ownertools, utils
2024-07-06 12:47:08,695 - __main__ - INFO - Received shutdown signal
2024-07-06 12:47:08,695 - __main__ - INFO - Shutting down bot
2024-07-06 12:47:18,909 - __main__ - DEBUG - Initializing MyBot
2024-07-06 12:47:18,910 - discord.client - DEBUG - on_ready has successfully been registered as an event
2024-07-06 12:47:18,928 - asyncio - DEBUG - Using proactor: IocpProactor
2024-07-06 12:47:18,937 - discord.client - INFO - logging in using static token
2024-07-06 12:47:20,043 - __main__ - DEBUG - Running setup_hook
2024-07-06 12:47:20,325 - __main__ - INFO - Sync command added and tree synced
2024-07-06 12:47:20,340 - __main__ - DEBUG - Loading extensions
2024-07-06 12:47:20,340 - __main__ - DEBUG - Loading extension: cogs.fun
2024-07-06 12:47:20,365 - root - DEBUG - FunCog initialized
2024-07-06 12:47:20,365 - __main__ - DEBUG - Loading extension: cogs.moderation
2024-07-06 12:47:20,378 - root - DEBUG - ModerationCog initialized
2024-07-06 12:47:20,383 - __main__ - DEBUG - Loading extension: cogs.owner_tools
2024-07-06 12:47:20,405 - root - DEBUG - OwnerToolsCog initialized
2024-07-06 12:47:20,423 - __main__ - ERROR - Failed to load extension cogs.owner_tools: Extension 'cogs.owner_tools' raised an error: TypeError: object NoneType can't be used in 'await' expression
Traceback (most recent call last):
  File "c:\Users\aleks\AppData\Local\Programs\Python\Python312\Lib\site-packages\discord\ext\commands\bot.py", line 963, in _load_from_module_spec
    await setup(self)
TypeError: object NoneType can't be used in 'await' expression

The above exception was the direct cause of the following exception:

Traceback (most recent call last):
  File "C:\Users\aleks\OneDrive\Desktop\Discord\main.py", line 118, in load_extensions
    await self.load_extension(ext)
  File "c:\Users\aleks\AppData\Local\Programs\Python\Python312\Lib\site-packages\discord\ext\commands\bot.py", line 1029, in load_extension
    await self._load_from_module_spec(spec, name)
  File "c:\Users\aleks\AppData\Local\Programs\Python\Python312\Lib\site-packages\discord\ext\commands\bot.py", line 968, in _load_from_module_spec
    raise errors.ExtensionFailed(key, e) from e
discord.ext.commands.errors.ExtensionFailed: Extension 'cogs.owner_tools' raised an error: TypeError: object NoneType can't be used in 'await' expression
2024-07-06 12:47:20,438 - __main__ - DEBUG - Loading extension: cogs.utils
2024-07-06 12:47:20,452 - root - DEBUG - UtilsCog initialized
2024-07-06 12:47:20,456 - __main__ - INFO - Extensions loaded
2024-07-06 12:47:21,003 - discord.gateway - INFO - Shard ID None has connected to Gateway (Session ID: cd6936d7ab3da0f76de18ea82fa3be82).
2024-07-06 12:47:23,024 - __main__ - INFO - Logged in as FriendlyMessagerBot#6052 (ID: 1258369461459615765)
2024-07-06 12:47:23,024 - __main__ - DEBUG - Bot is ready
2024-07-06 12:47:23,024 - __main__ - DEBUG - Updating status
2024-07-06 12:47:23,034 - __main__ - INFO - Status updated
2024-07-06 12:48:57,555 - __main__ - INFO - Received shutdown signal
2024-07-06 12:48:57,557 - __main__ - INFO - Shutting down bot
2024-07-06 12:51:23,781 - __main__ - DEBUG - Initializing MyBot
2024-07-06 12:51:23,791 - discord.client - DEBUG - on_ready has successfully been registered as an event
2024-07-06 12:51:23,804 - asyncio - DEBUG - Using proactor: IocpProactor
2024-07-06 12:51:23,820 - discord.client - INFO - logging in using static token
2024-07-06 12:51:25,022 - __main__ - DEBUG - Running setup_hook
2024-07-06 12:51:25,324 - __main__ - INFO - Sync command added and tree synced
2024-07-06 12:51:25,325 - __main__ - DEBUG - Loading extensions
2024-07-06 12:51:25,327 - __main__ - DEBUG - Loading extension: cogs.fun
2024-07-06 12:51:25,353 - root - DEBUG - FunCog initialized
2024-07-06 12:51:25,355 - __main__ - DEBUG - Loading extension: cogs.moderation
2024-07-06 12:51:25,369 - root - DEBUG - ModerationCog initialized
2024-07-06 12:51:25,372 - __main__ - DEBUG - Loading extension: cogs.owner_tools
2024-07-06 12:51:25,405 - __main__ - ERROR - Failed to load extension cogs.owner_tools: Extension 'cogs.owner_tools' raised an error: ValueError: 'OwnerTools' must be all lower-case
Traceback (most recent call last):
  File "c:\Users\aleks\AppData\Local\Programs\Python\Python312\Lib\site-packages\discord\ext\commands\bot.py", line 963, in _load_from_module_spec
    await setup(self)
  File "C:\Users\aleks\OneDrive\Desktop\Discord\cogs\owner_tools.py", line 55, in setup
    await bot.add_cog(OwnerCog(bot))
                      ^^^^^^^^^^^^^
  File "c:\Users\aleks\AppData\Local\Programs\Python\Python312\Lib\site-packages\discord\ext\commands\cog.py", line 313, in __new__
    group = app_commands.Group(
            ^^^^^^^^^^^^^^^^^^^
  File "c:\Users\aleks\AppData\Local\Programs\Python\Python312\Lib\site-packages\discord\app_commands\commands.py", line 1569, in __init__
    name, locale = validate_name(name), None
                   ^^^^^^^^^^^^^^^^^^^
  File "c:\Users\aleks\AppData\Local\Programs\Python\Python312\Lib\site-packages\discord\app_commands\commands.py", line 210, in validate_name
    raise ValueError(f'{name!r} must be all lower-case')
ValueError: 'OwnerTools' must be all lower-case

The above exception was the direct cause of the following exception:

Traceback (most recent call last):
  File "C:\Users\aleks\OneDrive\Desktop\Discord\main.py", line 118, in load_extensions
    await self.load_extension(ext)
  File "c:\Users\aleks\AppData\Local\Programs\Python\Python312\Lib\site-packages\discord\ext\commands\bot.py", line 1029, in load_extension
    await self._load_from_module_spec(spec, name)
  File "c:\Users\aleks\AppData\Local\Programs\Python\Python312\Lib\site-packages\discord\ext\commands\bot.py", line 968, in _load_from_module_spec
    raise errors.ExtensionFailed(key, e) from e
discord.ext.commands.errors.ExtensionFailed: Extension 'cogs.owner_tools' raised an error: ValueError: 'OwnerTools' must be all lower-case
2024-07-06 12:51:25,426 - __main__ - DEBUG - Loading extension: cogs.utils
2024-07-06 12:51:25,447 - root - DEBUG - UtilsCog initialized
2024-07-06 12:51:25,450 - __main__ - INFO - Extensions loaded
2024-07-06 12:51:26,007 - discord.gateway - INFO - Shard ID None has connected to Gateway (Session ID: e52722d66c760fa35201bdeb6be15b15).
2024-07-06 12:51:28,023 - __main__ - INFO - Logged in as FriendlyMessagerBot#6052 (ID: 1258369461459615765)
2024-07-06 12:51:28,023 - __main__ - DEBUG - Bot is ready
2024-07-06 12:51:28,023 - __main__ - DEBUG - Updating status
2024-07-06 12:51:28,032 - __main__ - INFO - Status updated
2024-07-06 12:51:51,116 - __main__ - DEBUG - Initializing MyBot
2024-07-06 12:51:51,116 - discord.client - DEBUG - on_ready has successfully been registered as an event
2024-07-06 12:51:51,132 - asyncio - DEBUG - Using proactor: IocpProactor
2024-07-06 12:51:51,138 - discord.client - INFO - logging in using static token
2024-07-06 12:51:52,204 - __main__ - DEBUG - Running setup_hook
2024-07-06 12:52:25,336 - __main__ - INFO - Sync command added and tree synced
2024-07-06 12:52:25,336 - __main__ - DEBUG - Loading extensions
2024-07-06 12:52:25,336 - __main__ - DEBUG - Loading extension: cogs.fun
2024-07-06 12:52:25,347 - root - DEBUG - FunCog initialized
2024-07-06 12:52:25,362 - __main__ - DEBUG - Loading extension: cogs.moderation
2024-07-06 12:52:25,374 - root - DEBUG - ModerationCog initialized
2024-07-06 12:52:25,375 - __main__ - DEBUG - Loading extension: cogs.owner_tools
2024-07-06 12:52:25,393 - root - DEBUG - OwnerToolsCog initialized
2024-07-06 12:52:25,395 - __main__ - DEBUG - Loading extension: cogs.utils
2024-07-06 12:52:25,398 - root - DEBUG - UtilsCog initialized
2024-07-06 12:52:25,398 - __main__ - INFO - Extensions loaded
2024-07-06 12:52:26,399 - discord.gateway - INFO - Shard ID None has connected to Gateway (Session ID: 405860b15ad831e450e0bd99d6912839).
2024-07-06 12:52:28,451 - __main__ - INFO - Logged in as FriendlyMessagerBot#6052 (ID: 1258369461459615765)
2024-07-06 12:52:28,453 - __main__ - DEBUG - Bot is ready
2024-07-06 12:52:28,458 - __main__ - DEBUG - Updating status
2024-07-06 12:52:28,462 - __main__ - INFO - Status updated
2024-07-06 12:52:42,505 - __main__ - DEBUG - Loading extensions for sync
2024-07-06 12:52:42,522 - __main__ - DEBUG - Loading extensions
2024-07-06 12:52:42,522 - __main__ - DEBUG - Reloading extension: cogs.fun
2024-07-06 12:52:42,560 - root - DEBUG - FunCog initialized
2024-07-06 12:52:42,565 - __main__ - DEBUG - Reloading extension: cogs.moderation
2024-07-06 12:52:42,582 - root - DEBUG - ModerationCog initialized
2024-07-06 12:52:42,582 - __main__ - DEBUG - Reloading extension: cogs.owner_tools
2024-07-06 12:52:42,614 - root - DEBUG - OwnerToolsCog initialized
2024-07-06 12:52:42,614 - __main__ - DEBUG - Reloading extension: cogs.utils
2024-07-06 12:52:42,644 - root - DEBUG - UtilsCog initialized
2024-07-06 12:52:42,646 - __main__ - DEBUG - Extensions loaded
2024-07-06 12:52:43,306 - __main__ - INFO - Successfully synced 5 commands globally: sync, fun, moderation, ownertools, utils
2024-07-06 12:54:34,222 - __main__ - INFO - Shutting down bot
2024-07-06 12:54:45,127 - __main__ - DEBUG - Initializing MyBot
2024-07-06 12:54:45,127 - discord.client - DEBUG - on_ready has successfully been registered as an event
2024-07-06 12:54:45,144 - asyncio - DEBUG - Using proactor: IocpProactor
2024-07-06 12:54:45,150 - discord.client - INFO - logging in using static token
2024-07-06 12:54:46,168 - __main__ - DEBUG - Running setup_hook
2024-07-06 12:54:46,467 - __main__ - INFO - Sync command added and tree synced
2024-07-06 12:54:46,549 - __main__ - DEBUG - Loading extensions
2024-07-06 12:54:46,557 - __main__ - DEBUG - Loading extension: cogs.fun
2024-07-06 12:54:46,600 - root - DEBUG - FunCog initialized
2024-07-06 12:54:46,654 - __main__ - DEBUG - Loading extension: cogs.moderation
2024-07-06 12:54:46,728 - root - DEBUG - ModerationCog initialized
2024-07-06 12:54:46,731 - __main__ - DEBUG - Loading extension: cogs.owner_tools
2024-07-06 12:54:46,769 - root - DEBUG - OwnerToolsCog initialized
2024-07-06 12:54:46,815 - __main__ - DEBUG - Loading extension: cogs.utils
2024-07-06 12:54:46,836 - root - DEBUG - UtilsCog initialized
2024-07-06 12:54:46,838 - __main__ - INFO - Extensions loaded
2024-07-06 12:54:47,358 - discord.gateway - INFO - Shard ID None has connected to Gateway (Session ID: e945c373b2395f734c19c79bb13fee97).
2024-07-06 12:54:49,411 - __main__ - INFO - Logged in as FriendlyMessagerBot#6052 (ID: 1258369461459615765)
2024-07-06 12:54:49,411 - __main__ - DEBUG - Bot is ready
2024-07-06 12:54:49,411 - __main__ - DEBUG - Updating status
2024-07-06 12:54:49,421 - __main__ - INFO - Status updated
2024-07-06 12:54:58,050 - __main__ - DEBUG - Loading extensions for sync
2024-07-06 12:54:58,050 - __main__ - DEBUG - Loading extensions
2024-07-06 12:54:58,050 - __main__ - DEBUG - Reloading extension: cogs.fun
2024-07-06 12:54:58,086 - root - DEBUG - FunCog initialized
2024-07-06 12:54:58,090 - __main__ - DEBUG - Reloading extension: cogs.moderation
2024-07-06 12:54:58,123 - root - DEBUG - ModerationCog initialized
2024-07-06 12:54:58,129 - __main__ - DEBUG - Reloading extension: cogs.owner_tools
2024-07-06 12:54:58,178 - root - DEBUG - OwnerToolsCog initialized
2024-07-06 12:54:58,178 - __main__ - DEBUG - Reloading extension: cogs.utils
2024-07-06 12:54:58,202 - root - DEBUG - UtilsCog initialized
2024-07-06 12:54:58,202 - __main__ - DEBUG - Extensions loaded
2024-07-06 12:55:47,128 - __main__ - INFO - Successfully synced 5 commands globally: sync, fun, moderation, ownertools, utils
2024-07-06 12:57:18,347 - __main__ - ERROR - Error in command None: Application command 'fun' not found
Traceback (most recent call last):
  File "c:\Users\aleks\AppData\Local\Programs\Python\Python312\Lib\site-packages\discord\app_commands\tree.py", line 1151, in wrapper
    await self._call(interaction)
  File "c:\Users\aleks\AppData\Local\Programs\Python\Python312\Lib\site-packages\discord\app_commands\tree.py", line 1283, in _call
    command, options = self._get_app_command_options(data)
                       ^^^^^^^^^^^^^^^^^^^^^^^^^^^^^^^^^^^
  File "c:\Users\aleks\AppData\Local\Programs\Python\Python312\Lib\site-packages\discord\app_commands\tree.py", line 1187, in _get_app_command_options
    raise CommandNotFound(name, parents)
discord.app_commands.errors.CommandNotFound: Application command 'fun' not found
2024-07-06 12:57:26,700 - __main__ - ERROR - Error in command None: Application command 'fun' not found
Traceback (most recent call last):
  File "c:\Users\aleks\AppData\Local\Programs\Python\Python312\Lib\site-packages\discord\app_commands\tree.py", line 1151, in wrapper
    await self._call(interaction)
  File "c:\Users\aleks\AppData\Local\Programs\Python\Python312\Lib\site-packages\discord\app_commands\tree.py", line 1283, in _call
    command, options = self._get_app_command_options(data)
                       ^^^^^^^^^^^^^^^^^^^^^^^^^^^^^^^^^^^
  File "c:\Users\aleks\AppData\Local\Programs\Python\Python312\Lib\site-packages\discord\app_commands\tree.py", line 1187, in _get_app_command_options
    raise CommandNotFound(name, parents)
discord.app_commands.errors.CommandNotFound: Application command 'fun' not found
2024-07-06 12:57:50,695 - root - DEBUG - FunCog initialized
2024-07-06 12:59:19,385 - __main__ - ERROR - Error in command None: Application command 'fun' not found
Traceback (most recent call last):
  File "c:\Users\aleks\AppData\Local\Programs\Python\Python312\Lib\site-packages\discord\app_commands\tree.py", line 1151, in wrapper
    await self._call(interaction)
  File "c:\Users\aleks\AppData\Local\Programs\Python\Python312\Lib\site-packages\discord\app_commands\tree.py", line 1283, in _call
    command, options = self._get_app_command_options(data)
                       ^^^^^^^^^^^^^^^^^^^^^^^^^^^^^^^^^^^
  File "c:\Users\aleks\AppData\Local\Programs\Python\Python312\Lib\site-packages\discord\app_commands\tree.py", line 1187, in _get_app_command_options
    raise CommandNotFound(name, parents)
discord.app_commands.errors.CommandNotFound: Application command 'fun' not found
2024-07-06 13:00:41,889 - root - DEBUG - FunCog initialized
2024-07-06 13:01:01,981 - root - DEBUG - OwnerToolsCog initialized
2024-07-06 13:01:29,027 - root - DEBUG - OwnerToolsCog initialized
2024-07-06 13:01:51,553 - __main__ - ERROR - Error in command <discord.app_commands.commands.Command object at 0x0000027052932D80>: The check functions for command 'reload' failed.
Traceback (most recent call last):
  File "c:\Users\aleks\AppData\Local\Programs\Python\Python312\Lib\site-packages\discord\app_commands\tree.py", line 1310, in _call
    await command._invoke_with_namespace(interaction, namespace)
  File "c:\Users\aleks\AppData\Local\Programs\Python\Python312\Lib\site-packages\discord\app_commands\commands.py", line 880, in _invoke_with_namespace
    raise CheckFailure(f'The check functions for command {self.name!r} failed.')
discord.app_commands.errors.CheckFailure: The check functions for command 'reload' failed.
2024-07-06 13:03:56,896 - root - DEBUG - OwnerToolsCog initialized
2024-07-06 13:04:16,352 - root - WARNING - User snowyxx_72 tried to use owner command but is not the owner.
2024-07-06 13:04:16,635 - __main__ - ERROR - Error in command <discord.app_commands.commands.Command object at 0x00000270529183B0>: The check functions for command 'reload' failed.
Traceback (most recent call last):
  File "c:\Users\aleks\AppData\Local\Programs\Python\Python312\Lib\site-packages\discord\app_commands\tree.py", line 1310, in _call
    await command._invoke_with_namespace(interaction, namespace)
  File "c:\Users\aleks\AppData\Local\Programs\Python\Python312\Lib\site-packages\discord\app_commands\commands.py", line 880, in _invoke_with_namespace
    raise CheckFailure(f'The check functions for command {self.name!r} failed.')
discord.app_commands.errors.CheckFailure: The check functions for command 'reload' failed.
2024-07-06 13:04:31,386 - __main__ - DEBUG - Initializing MyBot
2024-07-06 13:04:31,386 - discord.client - DEBUG - on_ready has successfully been registered as an event
2024-07-06 13:04:31,405 - asyncio - DEBUG - Using proactor: IocpProactor
2024-07-06 13:04:31,416 - discord.client - INFO - logging in using static token
2024-07-06 13:04:32,527 - __main__ - DEBUG - Running setup_hook
2024-07-06 13:04:32,807 - __main__ - INFO - Sync command added and tree synced
2024-07-06 13:04:32,807 - __main__ - DEBUG - Loading extensions
2024-07-06 13:04:32,807 - __main__ - DEBUG - Loading extension: cogs.fun
2024-07-06 13:04:32,835 - root - DEBUG - FunCog initialized
2024-07-06 13:04:32,835 - __main__ - DEBUG - Loading extension: cogs.moderation
2024-07-06 13:04:32,844 - root - DEBUG - ModerationCog initialized
2024-07-06 13:04:32,844 - __main__ - DEBUG - Loading extension: cogs.owner_tools
2024-07-06 13:04:32,857 - root - DEBUG - OwnerToolsCog initialized
2024-07-06 13:04:32,860 - __main__ - DEBUG - Loading extension: cogs.utils
2024-07-06 13:04:32,873 - root - DEBUG - UtilsCog initialized
2024-07-06 13:04:32,874 - __main__ - INFO - Extensions loaded
2024-07-06 13:04:33,390 - discord.gateway - INFO - Shard ID None has connected to Gateway (Session ID: 0c2ec7a5bd3c2fdbe6dc58de2e02f44b).
2024-07-06 13:04:35,415 - __main__ - INFO - Logged in as FriendlyMessagerBot#6052 (ID: 1258369461459615765)
2024-07-06 13:04:35,421 - __main__ - DEBUG - Bot is ready
2024-07-06 13:04:35,425 - __main__ - DEBUG - Updating status
2024-07-06 13:04:35,432 - __main__ - INFO - Status updated
2024-07-06 13:04:37,646 - __main__ - DEBUG - Loading extensions for sync
2024-07-06 13:04:37,646 - __main__ - DEBUG - Loading extensions
2024-07-06 13:04:37,646 - __main__ - DEBUG - Reloading extension: cogs.fun
2024-07-06 13:04:37,669 - root - DEBUG - FunCog initialized
2024-07-06 13:04:37,669 - __main__ - DEBUG - Reloading extension: cogs.moderation
2024-07-06 13:04:37,685 - root - DEBUG - ModerationCog initialized
2024-07-06 13:04:37,696 - __main__ - DEBUG - Reloading extension: cogs.owner_tools
2024-07-06 13:04:37,716 - root - DEBUG - OwnerToolsCog initialized
2024-07-06 13:04:37,724 - __main__ - DEBUG - Reloading extension: cogs.utils
2024-07-06 13:04:37,767 - root - DEBUG - UtilsCog initialized
2024-07-06 13:04:37,767 - __main__ - DEBUG - Extensions loaded
2024-07-06 13:05:33,355 - __main__ - INFO - Successfully synced 5 commands globally: sync, fun, moderation, ownertools, utils
2024-07-06 13:06:03,067 - root - WARNING - User snowyxx_72 tried to use owner command but is not the owner.
2024-07-06 13:06:03,342 - __main__ - ERROR - Error in command <discord.app_commands.commands.Command object at 0x000001B06548A360>: The check functions for command 'reload' failed.
Traceback (most recent call last):
  File "c:\Users\aleks\AppData\Local\Programs\Python\Python312\Lib\site-packages\discord\app_commands\tree.py", line 1310, in _call
    await command._invoke_with_namespace(interaction, namespace)
  File "c:\Users\aleks\AppData\Local\Programs\Python\Python312\Lib\site-packages\discord\app_commands\commands.py", line 880, in _invoke_with_namespace
    raise CheckFailure(f'The check functions for command {self.name!r} failed.')
discord.app_commands.errors.CheckFailure: The check functions for command 'reload' failed.
2024-07-06 13:08:01,088 - root - DEBUG - OwnerToolsCog initialized
2024-07-06 13:08:13,398 - root - WARNING - User snowyxx_72 tried to use owner command but is not the owner.
2024-07-06 13:08:13,667 - __main__ - ERROR - Error in command <discord.app_commands.commands.Command object at 0x000001B06545C470>: The check functions for command 'reload' failed.
Traceback (most recent call last):
  File "c:\Users\aleks\AppData\Local\Programs\Python\Python312\Lib\site-packages\discord\app_commands\tree.py", line 1310, in _call
    await command._invoke_with_namespace(interaction, namespace)
  File "c:\Users\aleks\AppData\Local\Programs\Python\Python312\Lib\site-packages\discord\app_commands\commands.py", line 880, in _invoke_with_namespace
    raise CheckFailure(f'The check functions for command {self.name!r} failed.')
discord.app_commands.errors.CheckFailure: The check functions for command 'reload' failed.
2024-07-06 13:08:34,410 - __main__ - ERROR - Error in command <discord.app_commands.commands.Command object at 0x000001B0654897F0>: You are missing Ban Members permission(s) to run this command.
Traceback (most recent call last):
  File "c:\Users\aleks\AppData\Local\Programs\Python\Python312\Lib\site-packages\discord\app_commands\tree.py", line 1310, in _call
    await command._invoke_with_namespace(interaction, namespace)
  File "c:\Users\aleks\AppData\Local\Programs\Python\Python312\Lib\site-packages\discord\app_commands\commands.py", line 879, in _invoke_with_namespace
    if not await self._check_can_run(interaction):
           ^^^^^^^^^^^^^^^^^^^^^^^^^^^^^^^^^^^^^^
  File "c:\Users\aleks\AppData\Local\Programs\Python\Python312\Lib\site-packages\discord\app_commands\commands.py", line 1017, in _check_can_run
    return await async_all(f(interaction) for f in predicates)
           ^^^^^^^^^^^^^^^^^^^^^^^^^^^^^^^^^^^^^^^^^^^^^^^^^^^
  File "c:\Users\aleks\AppData\Local\Programs\Python\Python312\Lib\site-packages\discord\utils.py", line 704, in async_all
    for elem in gen:
  File "c:\Users\aleks\AppData\Local\Programs\Python\Python312\Lib\site-packages\discord\app_commands\commands.py", line 1017, in <genexpr>
    return await async_all(f(interaction) for f in predicates)
                           ^^^^^^^^^^^^^^
  File "c:\Users\aleks\AppData\Local\Programs\Python\Python312\Lib\site-packages\discord\app_commands\checks.py", line 339, in predicate
    raise MissingPermissions(missing)
discord.app_commands.errors.MissingPermissions: You are missing Ban Members permission(s) to run this command.
2024-07-06 13:13:17,725 - root - DEBUG - ModerationCog initialized
2024-07-06 13:14:26,885 - __main__ - ERROR - Error in command <discord.app_commands.commands.Command object at 0x000001B06545F7D0>: Command 'kick' raised an exception: InteractionResponded: This interaction has already been responded to before
Traceback (most recent call last):
  File "C:\Users\aleks\OneDrive\Desktop\Discord\cogs\moderation.py", line 19, in kick
    await self.log_action(interaction, "Kick", member, reason)
          ^^^^^^^^^^^^^^^
AttributeError: 'ModerationCog' object has no attribute 'log_action'

During handling of the above exception, another exception occurred:

Traceback (most recent call last):
  File "c:\Users\aleks\AppData\Local\Programs\Python\Python312\Lib\site-packages\discord\app_commands\commands.py", line 857, in _do_call
    return await self._callback(self.binding, interaction, **params)  # type: ignore
           ^^^^^^^^^^^^^^^^^^^^^^^^^^^^^^^^^^^^^^^^^^^^^^^^^^^^^^^^^
  File "C:\Users\aleks\OneDrive\Desktop\Discord\cogs\moderation.py", line 21, in kick
    await interaction.response.send_message(f'Failed to kick {member.mention}: {e}', ephemeral=True)
  File "c:\Users\aleks\AppData\Local\Programs\Python\Python312\Lib\site-packages\discord\interactions.py", line 827, in send_message
    raise InteractionResponded(self._parent)
discord.errors.InteractionResponded: This interaction has already been responded to before

The above exception was the direct cause of the following exception:

Traceback (most recent call last):
  File "c:\Users\aleks\AppData\Local\Programs\Python\Python312\Lib\site-packages\discord\app_commands\tree.py", line 1310, in _call
    await command._invoke_with_namespace(interaction, namespace)
  File "c:\Users\aleks\AppData\Local\Programs\Python\Python312\Lib\site-packages\discord\app_commands\commands.py", line 883, in _invoke_with_namespace
    return await self._do_call(interaction, transformed_values)
           ^^^^^^^^^^^^^^^^^^^^^^^^^^^^^^^^^^^^^^^^^^^^^^^^^^^^
  File "c:\Users\aleks\AppData\Local\Programs\Python\Python312\Lib\site-packages\discord\app_commands\commands.py", line 876, in _do_call
    raise CommandInvokeError(self, e) from e
discord.app_commands.errors.CommandInvokeError: Command 'kick' raised an exception: InteractionResponded: This interaction has already been responded to before
2024-07-06 13:14:35,432 - __main__ - DEBUG - Updating status
2024-07-06 13:14:35,432 - __main__ - INFO - Status updated
2024-07-06 13:16:08,781 - __main__ - ERROR - Error in command <discord.app_commands.commands.Command object at 0x000001B06545F7D0>: Command 'kick' raised an exception: InteractionResponded: This interaction has already been responded to before
Traceback (most recent call last):
  File "C:\Users\aleks\OneDrive\Desktop\Discord\cogs\moderation.py", line 19, in kick
    await self.log_action(interaction, "Kick", member, reason)
          ^^^^^^^^^^^^^^^
AttributeError: 'ModerationCog' object has no attribute 'log_action'

During handling of the above exception, another exception occurred:

Traceback (most recent call last):
  File "c:\Users\aleks\AppData\Local\Programs\Python\Python312\Lib\site-packages\discord\app_commands\commands.py", line 857, in _do_call
    return await self._callback(self.binding, interaction, **params)  # type: ignore
           ^^^^^^^^^^^^^^^^^^^^^^^^^^^^^^^^^^^^^^^^^^^^^^^^^^^^^^^^^
  File "C:\Users\aleks\OneDrive\Desktop\Discord\cogs\moderation.py", line 21, in kick
    await interaction.response.send_message(f'Failed to kick {member.mention}: {e}', ephemeral=True)
  File "c:\Users\aleks\AppData\Local\Programs\Python\Python312\Lib\site-packages\discord\interactions.py", line 827, in send_message
    raise InteractionResponded(self._parent)
discord.errors.InteractionResponded: This interaction has already been responded to before

The above exception was the direct cause of the following exception:

Traceback (most recent call last):
  File "c:\Users\aleks\AppData\Local\Programs\Python\Python312\Lib\site-packages\discord\app_commands\tree.py", line 1310, in _call
    await command._invoke_with_namespace(interaction, namespace)
  File "c:\Users\aleks\AppData\Local\Programs\Python\Python312\Lib\site-packages\discord\app_commands\commands.py", line 883, in _invoke_with_namespace
    return await self._do_call(interaction, transformed_values)
           ^^^^^^^^^^^^^^^^^^^^^^^^^^^^^^^^^^^^^^^^^^^^^^^^^^^^
  File "c:\Users\aleks\AppData\Local\Programs\Python\Python312\Lib\site-packages\discord\app_commands\commands.py", line 876, in _do_call
    raise CommandInvokeError(self, e) from e
discord.app_commands.errors.CommandInvokeError: Command 'kick' raised an exception: InteractionResponded: This interaction has already been responded to before
2024-07-06 13:21:11,913 - root - DEBUG - ModerationCog initialized
2024-07-06 13:21:33,254 - __main__ - ERROR - Error in command <discord.app_commands.commands.Command object at 0x000001B065619C70>: Failed to convert snowyxx_72 to Member
Traceback (most recent call last):
  File "c:\Users\aleks\AppData\Local\Programs\Python\Python312\Lib\site-packages\discord\app_commands\tree.py", line 1310, in _call
    await command._invoke_with_namespace(interaction, namespace)
  File "c:\Users\aleks\AppData\Local\Programs\Python\Python312\Lib\site-packages\discord\app_commands\commands.py", line 882, in _invoke_with_namespace
    transformed_values = await self._transform_arguments(interaction, namespace)
                         ^^^^^^^^^^^^^^^^^^^^^^^^^^^^^^^^^^^^^^^^^^^^^^^^^^^^^^^
  File "c:\Users\aleks\AppData\Local\Programs\Python\Python312\Lib\site-packages\discord\app_commands\commands.py", line 848, in _transform_arguments
    transformed_values[param.name] = await param.transform(interaction, value)
                                     ^^^^^^^^^^^^^^^^^^^^^^^^^^^^^^^^^^^^^^^^^
  File "c:\Users\aleks\AppData\Local\Programs\Python\Python312\Lib\site-packages\discord\app_commands\transformers.py", line 180, in transform
    return await maybe_coroutine(self._annotation.transform, interaction, value)
           ^^^^^^^^^^^^^^^^^^^^^^^^^^^^^^^^^^^^^^^^^^^^^^^^^^^^^^^^^^^^^^^^^^^^^
  File "c:\Users\aleks\AppData\Local\Programs\Python\Python312\Lib\site-packages\discord\utils.py", line 694, in maybe_coroutine
    return await value
           ^^^^^^^^^^^
  File "c:\Users\aleks\AppData\Local\Programs\Python\Python312\Lib\site-packages\discord\app_commands\transformers.py", line 621, in transform
    raise TransformerError(value, self.type, self)
discord.app_commands.errors.TransformerError: Failed to convert snowyxx_72 to Member
2024-07-06 13:22:57,800 - root - DEBUG - ModerationCog initialized
2024-07-06 13:24:33,494 - root - WARNING - User snowyxx_72 tried to use owner command but is not the owner.
2024-07-06 13:24:33,806 - __main__ - ERROR - Error in command <discord.app_commands.commands.Command object at 0x000001B06545C470>: The check functions for command 'reload' failed.
Traceback (most recent call last):
  File "c:\Users\aleks\AppData\Local\Programs\Python\Python312\Lib\site-packages\discord\app_commands\tree.py", line 1310, in _call
    await command._invoke_with_namespace(interaction, namespace)
  File "c:\Users\aleks\AppData\Local\Programs\Python\Python312\Lib\site-packages\discord\app_commands\commands.py", line 880, in _invoke_with_namespace
    raise CheckFailure(f'The check functions for command {self.name!r} failed.')
discord.app_commands.errors.CheckFailure: The check functions for command 'reload' failed.
2024-07-06 13:24:35,425 - __main__ - DEBUG - Updating status
2024-07-06 13:24:35,425 - __main__ - INFO - Status updated
2024-07-06 13:24:42,304 - __main__ - ERROR - Error in command <discord.app_commands.commands.Command object at 0x000001B0653748C0>: The check functions for command 'sync' failed.
Traceback (most recent call last):
  File "c:\Users\aleks\AppData\Local\Programs\Python\Python312\Lib\site-packages\discord\app_commands\tree.py", line 1310, in _call
    await command._invoke_with_namespace(interaction, namespace)
  File "c:\Users\aleks\AppData\Local\Programs\Python\Python312\Lib\site-packages\discord\app_commands\commands.py", line 880, in _invoke_with_namespace
    raise CheckFailure(f'The check functions for command {self.name!r} failed.')
discord.app_commands.errors.CheckFailure: The check functions for command 'sync' failed.
2024-07-06 13:25:21,741 - root - ERROR - Failed to kick <@1055604443070079026>: 403 Forbidden (error code: 50013): Missing Permissions
2024-07-06 13:28:17,253 - root - ERROR - Failed to kick <@1055604443070079026>: 403 Forbidden (error code: 50013): Missing Permissions
2024-07-06 13:32:23,026 - root - WARNING - Failed to send DM to slash#8904
2024-07-06 13:34:35,433 - __main__ - DEBUG - Updating status
2024-07-06 13:34:35,433 - __main__ - INFO - Status updated
2024-07-06 13:38:34,167 - root - DEBUG - ModerationCog initialized
2024-07-06 13:38:50,245 - root - WARNING - Failed to send DM to alexx_snowy
2024-07-06 13:39:13,994 - __main__ - INFO - Received shutdown signal
2024-07-06 13:39:13,994 - __main__ - INFO - Shutting down bot
2024-07-06 13:41:41,898 - __main__ - DEBUG - Initializing MyBot
2024-07-06 13:41:41,913 - discord.client - DEBUG - on_ready has successfully been registered as an event
2024-07-06 13:41:41,923 - asyncio - DEBUG - Using proactor: IocpProactor
2024-07-06 13:41:41,930 - discord.client - INFO - logging in using static token
2024-07-06 13:41:42,974 - __main__ - DEBUG - Running setup_hook
2024-07-06 13:41:44,442 - __main__ - INFO - Sync command added and tree synced
2024-07-06 13:41:44,443 - __main__ - DEBUG - Loading extensions
2024-07-06 13:41:44,448 - __main__ - DEBUG - Loading extension: cogs.fun
2024-07-06 13:41:44,468 - root - DEBUG - FunCog initialized
2024-07-06 13:41:44,471 - __main__ - DEBUG - Loading extension: cogs.moderation
2024-07-06 13:41:44,495 - root - DEBUG - ModerationCog initialized
2024-07-06 13:41:44,499 - __main__ - DEBUG - Loading extension: cogs.owner_tools
2024-07-06 13:41:44,508 - root - DEBUG - OwnerToolsCog initialized
2024-07-06 13:41:44,510 - __main__ - DEBUG - Loading extension: cogs.utils
2024-07-06 13:41:44,524 - root - DEBUG - UtilsCog initialized
2024-07-06 13:41:44,526 - __main__ - INFO - Extensions loaded
2024-07-06 13:41:45,065 - discord.gateway - INFO - Shard ID None has connected to Gateway (Session ID: 77f1f7227d8371c37dea4527c5614e86).
2024-07-06 13:41:47,120 - __main__ - INFO - Logged in as FriendlyMessagerBot#6052 (ID: 1258369461459615765)
2024-07-06 13:41:47,120 - __main__ - DEBUG - Bot is ready
2024-07-06 13:41:47,120 - __main__ - DEBUG - Updating status
2024-07-06 13:41:47,130 - __main__ - INFO - Status updated
2024-07-06 13:42:18,211 - __main__ - DEBUG - Loading extensions for sync
2024-07-06 13:42:18,220 - __main__ - DEBUG - Loading extensions
2024-07-06 13:42:18,225 - __main__ - DEBUG - Reloading extension: cogs.fun
2024-07-06 13:42:18,248 - root - DEBUG - FunCog initialized
2024-07-06 13:42:18,253 - __main__ - DEBUG - Reloading extension: cogs.moderation
2024-07-06 13:42:18,330 - root - DEBUG - ModerationCog initialized
2024-07-06 13:42:18,341 - __main__ - DEBUG - Reloading extension: cogs.owner_tools
2024-07-06 13:42:18,361 - root - DEBUG - OwnerToolsCog initialized
2024-07-06 13:42:18,363 - __main__ - DEBUG - Reloading extension: cogs.utils
2024-07-06 13:42:18,390 - root - DEBUG - UtilsCog initialized
2024-07-06 13:42:18,393 - __main__ - DEBUG - Extensions loaded
2024-07-06 13:42:19,094 - __main__ - INFO - Successfully synced 5 commands globally: sync, fun, moderation, ownertools, utils
2024-07-06 13:44:23,258 - __main__ - ERROR - Error in command <discord.app_commands.commands.Command object at 0x000001F395AF5BE0>: Command 'ban' raised an exception: AttributeError: 'NoneType' object has no attribute 'url'
Traceback (most recent call last):
  File "c:\Users\aleks\AppData\Local\Programs\Python\Python312\Lib\site-packages\discord\app_commands\commands.py", line 857, in _do_call
    return await self._callback(self.binding, interaction, **params)  # type: ignore
           ^^^^^^^^^^^^^^^^^^^^^^^^^^^^^^^^^^^^^^^^^^^^^^^^^^^^^^^^^
  File "C:\Users\aleks\OneDrive\Desktop\Discord\cogs\moderation.py", line 50, in ban
    ).set_thumbnail(url=interaction.guild.icon.url).set_footer(text="Contact an admin if you think this is a mistake.")
                        ^^^^^^^^^^^^^^^^^^^^^^^^^^
AttributeError: 'NoneType' object has no attribute 'url'

The above exception was the direct cause of the following exception:

Traceback (most recent call last):
  File "c:\Users\aleks\AppData\Local\Programs\Python\Python312\Lib\site-packages\discord\app_commands\tree.py", line 1310, in _call
    await command._invoke_with_namespace(interaction, namespace)
  File "c:\Users\aleks\AppData\Local\Programs\Python\Python312\Lib\site-packages\discord\app_commands\commands.py", line 883, in _invoke_with_namespace
    return await self._do_call(interaction, transformed_values)
           ^^^^^^^^^^^^^^^^^^^^^^^^^^^^^^^^^^^^^^^^^^^^^^^^^^^^
  File "c:\Users\aleks\AppData\Local\Programs\Python\Python312\Lib\site-packages\discord\app_commands\commands.py", line 876, in _do_call
    raise CommandInvokeError(self, e) from e
discord.app_commands.errors.CommandInvokeError: Command 'ban' raised an exception: AttributeError: 'NoneType' object has no attribute 'url'
2024-07-06 13:46:36,478 - root - WARNING - User snowyxx_72 tried to use owner command but is not the owner.
2024-07-06 13:46:36,759 - __main__ - ERROR - Error in command <discord.app_commands.commands.Command object at 0x000001F395AF74A0>: The check functions for command 'reload' failed.
Traceback (most recent call last):
  File "c:\Users\aleks\AppData\Local\Programs\Python\Python312\Lib\site-packages\discord\app_commands\tree.py", line 1310, in _call
    await command._invoke_with_namespace(interaction, namespace)
  File "c:\Users\aleks\AppData\Local\Programs\Python\Python312\Lib\site-packages\discord\app_commands\commands.py", line 880, in _invoke_with_namespace
    raise CheckFailure(f'The check functions for command {self.name!r} failed.')
discord.app_commands.errors.CheckFailure: The check functions for command 'reload' failed.
2024-07-06 13:46:52,388 - root - DEBUG - ModerationCog initialized
2024-07-06 13:49:52,092 - root - DEBUG - ModerationCog initialized
2024-07-06 13:51:47,126 - __main__ - DEBUG - Updating status
2024-07-06 13:51:47,128 - __main__ - INFO - Status updated
2024-07-06 13:53:38,228 - root - DEBUG - ModerationCog initialized
2024-07-06 14:01:06,146 - root - DEBUG - ModerationCog initialized
2024-07-06 14:01:47,126 - __main__ - DEBUG - Updating status
2024-07-06 14:01:47,126 - __main__ - INFO - Status updated
2024-07-06 14:04:05,076 - root - DEBUG - ModerationCog initialized
2024-07-06 14:04:05,076 - root - DEBUG - ModerationCog loaded
2024-07-06 14:05:17,460 - root - DEBUG - Received unban command for user ID: 11475672723161
2024-07-06 14:05:17,460 - root - ERROR - Failed to unban user 11475672723161: 'int' object has no attribute 'isdigit'
2024-07-06 14:08:00,649 - root - DEBUG - ModerationCog initialized
2024-07-06 14:08:00,649 - root - DEBUG - ModerationCog loaded
2024-07-06 14:10:57,914 - root - DEBUG - ModerationCog initialized
2024-07-06 14:10:57,914 - root - DEBUG - ModerationCog loaded
2024-07-06 14:11:47,141 - __main__ - DEBUG - Updating status
2024-07-06 14:11:47,142 - __main__ - INFO - Status updated
2024-07-06 14:14:06,632 - root - DEBUG - ModerationCog initialized
2024-07-06 14:14:06,648 - root - DEBUG - ModerationCog loaded
2024-07-06 14:14:53,004 - __main__ - DEBUG - Initializing MyBot
2024-07-06 14:14:53,020 - discord.client - DEBUG - on_ready has successfully been registered as an event
2024-07-06 14:14:53,028 - asyncio - DEBUG - Using proactor: IocpProactor
2024-07-06 14:14:53,034 - discord.client - INFO - logging in using static token
2024-07-06 14:14:54,305 - __main__ - DEBUG - Running setup_hook
2024-07-06 14:14:54,589 - __main__ - INFO - Sync command added and tree synced
2024-07-06 14:14:54,589 - __main__ - DEBUG - Loading extensions
2024-07-06 14:14:54,607 - __main__ - DEBUG - Loading extension: cogs.fun
2024-07-06 14:14:54,623 - root - DEBUG - FunCog initialized
2024-07-06 14:14:54,625 - __main__ - DEBUG - Loading extension: cogs.moderation
2024-07-06 14:14:54,636 - root - DEBUG - ModerationCog initialized
2024-07-06 14:14:54,639 - root - DEBUG - ModerationCog loaded
2024-07-06 14:14:54,641 - __main__ - DEBUG - Loading extension: cogs.owner_tools
2024-07-06 14:14:54,651 - root - DEBUG - OwnerToolsCog initialized
2024-07-06 14:14:54,654 - __main__ - DEBUG - Loading extension: cogs.utils
2024-07-06 14:14:54,668 - root - DEBUG - UtilsCog initialized
2024-07-06 14:14:54,669 - __main__ - INFO - Extensions loaded
2024-07-06 14:14:55,388 - discord.gateway - INFO - Shard ID None has connected to Gateway (Session ID: 7f082c1aa016c26e776ffcbf4e20abe5).
2024-07-06 14:14:57,522 - __main__ - INFO - Logged in as FriendlyMessagerBot#6052 (ID: 1258369461459615765)
2024-07-06 14:14:57,524 - __main__ - DEBUG - Bot is ready
2024-07-06 14:14:57,528 - __main__ - DEBUG - Updating status
2024-07-06 14:14:57,532 - __main__ - INFO - Status updated
2024-07-06 14:15:08,770 - __main__ - DEBUG - Loading extensions for sync
2024-07-06 14:15:08,770 - __main__ - DEBUG - Loading extensions
2024-07-06 14:15:08,770 - __main__ - DEBUG - Reloading extension: cogs.fun
2024-07-06 14:15:08,800 - root - DEBUG - FunCog initialized
2024-07-06 14:15:08,806 - __main__ - DEBUG - Reloading extension: cogs.moderation
2024-07-06 14:15:08,830 - root - DEBUG - ModerationCog initialized
2024-07-06 14:15:08,833 - root - DEBUG - ModerationCog loaded
2024-07-06 14:15:08,836 - __main__ - DEBUG - Reloading extension: cogs.owner_tools
2024-07-06 14:15:08,870 - root - DEBUG - OwnerToolsCog initialized
2024-07-06 14:15:08,875 - __main__ - DEBUG - Reloading extension: cogs.utils
2024-07-06 14:15:08,895 - root - DEBUG - UtilsCog initialized
2024-07-06 14:15:08,900 - __main__ - DEBUG - Extensions loaded
2024-07-06 14:15:55,269 - __main__ - INFO - Successfully synced 5 commands globally: sync, fun, moderation, ownertools, utils
2024-07-06 14:17:57,564 - root - DEBUG - Received unban command for user ID: 1147567272316125337
2024-07-06 14:17:57,838 - root - DEBUG - Fetched user: snowyxx_72
2024-07-06 14:24:57,543 - __main__ - DEBUG - Updating status
2024-07-06 14:24:57,586 - __main__ - INFO - Status updated
2024-07-06 14:29:50,585 - __main__ - ERROR - Error in command <discord.app_commands.commands.Command object at 0x000002291A42AB40>: Command 'ban' raised an exception: AttributeError: 'ClientUser' object has no attribute 'create_dm'
Traceback (most recent call last):
  File "c:\Users\aleks\AppData\Local\Programs\Python\Python312\Lib\site-packages\discord\app_commands\commands.py", line 857, in _do_call
    return await self._callback(self.binding, interaction, **params)  # type: ignore
           ^^^^^^^^^^^^^^^^^^^^^^^^^^^^^^^^^^^^^^^^^^^^^^^^^^^^^^^^^
  File "C:\Users\aleks\OneDrive\Desktop\Discord\cogs\moderation.py", line 62, in ban
    await member.send(embed=dm_embed)
  File "c:\Users\aleks\AppData\Local\Programs\Python\Python312\Lib\site-packages\discord\abc.py", line 1571, in send
    channel = await self._get_channel()
              ^^^^^^^^^^^^^^^^^^^^^^^^^
  File "c:\Users\aleks\AppData\Local\Programs\Python\Python312\Lib\site-packages\discord\member.py", line 449, in _get_channel
    ch = await self.create_dm()
         ^^^^^^^^^^^^^^^^^^^^^^
  File "c:\Users\aleks\AppData\Local\Programs\Python\Python312\Lib\site-packages\discord\member.py", line 236, in general
    return await getattr(self._user, x)(*args, **kwargs)
                 ^^^^^^^^^^^^^^^^^^^^^^
AttributeError: 'ClientUser' object has no attribute 'create_dm'. Did you mean: 'created_at'?

The above exception was the direct cause of the following exception:

Traceback (most recent call last):
  File "c:\Users\aleks\AppData\Local\Programs\Python\Python312\Lib\site-packages\discord\app_commands\tree.py", line 1310, in _call
    await command._invoke_with_namespace(interaction, namespace)
  File "c:\Users\aleks\AppData\Local\Programs\Python\Python312\Lib\site-packages\discord\app_commands\commands.py", line 883, in _invoke_with_namespace
    return await self._do_call(interaction, transformed_values)
           ^^^^^^^^^^^^^^^^^^^^^^^^^^^^^^^^^^^^^^^^^^^^^^^^^^^^
  File "c:\Users\aleks\AppData\Local\Programs\Python\Python312\Lib\site-packages\discord\app_commands\commands.py", line 876, in _do_call
    raise CommandInvokeError(self, e) from e
discord.app_commands.errors.CommandInvokeError: Command 'ban' raised an exception: AttributeError: 'ClientUser' object has no attribute 'create_dm'
2024-07-06 14:30:41,351 - root - DEBUG - Received unban command for user ID: 1147567272316125337
2024-07-06 14:30:41,700 - root - DEBUG - Fetched user: snowyxx_72
2024-07-06 14:33:25,224 - root - DEBUG - ModerationCog initialized
2024-07-06 14:33:25,224 - root - DEBUG - ModerationCog loaded
2024-07-06 14:33:41,932 - __main__ - DEBUG - Loading extensions for sync
2024-07-06 14:33:41,932 - __main__ - DEBUG - Loading extensions
2024-07-06 14:33:41,948 - __main__ - DEBUG - Reloading extension: cogs.fun
2024-07-06 14:33:41,967 - root - DEBUG - FunCog initialized
2024-07-06 14:33:41,967 - __main__ - DEBUG - Reloading extension: cogs.moderation
2024-07-06 14:33:42,018 - root - DEBUG - ModerationCog initialized
2024-07-06 14:33:42,020 - root - DEBUG - ModerationCog loaded
2024-07-06 14:33:42,022 - __main__ - DEBUG - Reloading extension: cogs.owner_tools
2024-07-06 14:33:42,043 - root - DEBUG - OwnerToolsCog initialized
2024-07-06 14:33:42,045 - __main__ - DEBUG - Reloading extension: cogs.utils
2024-07-06 14:33:42,088 - root - DEBUG - UtilsCog initialized
2024-07-06 14:33:42,089 - __main__ - DEBUG - Extensions loaded
2024-07-06 14:33:42,836 - __main__ - INFO - Successfully synced 5 commands globally: sync, fun, moderation, ownertools, utils
2024-07-06 14:34:28,102 - __main__ - INFO - Received shutdown signal
2024-07-06 14:34:28,102 - __main__ - INFO - Shutting down bot
2024-07-06 14:34:38,056 - __main__ - DEBUG - Initializing MyBot
2024-07-06 14:34:38,072 - discord.client - DEBUG - on_ready has successfully been registered as an event
2024-07-06 14:34:38,084 - asyncio - DEBUG - Using proactor: IocpProactor
2024-07-06 14:34:38,095 - discord.client - INFO - logging in using static token
2024-07-06 14:34:39,255 - __main__ - DEBUG - Running setup_hook
2024-07-06 14:34:39,656 - __main__ - INFO - Sync command added and tree synced
2024-07-06 14:34:39,656 - __main__ - DEBUG - Loading extensions
2024-07-06 14:34:39,656 - __main__ - DEBUG - Loading extension: cogs.fun
2024-07-06 14:34:39,684 - root - DEBUG - FunCog initialized
2024-07-06 14:34:39,686 - __main__ - DEBUG - Loading extension: cogs.moderation
2024-07-06 14:34:39,691 - root - DEBUG - ModerationCog initialized
2024-07-06 14:34:39,691 - root - DEBUG - ModerationCog loaded
2024-07-06 14:34:39,705 - __main__ - DEBUG - Loading extension: cogs.owner_tools
2024-07-06 14:34:39,708 - root - DEBUG - OwnerToolsCog initialized
2024-07-06 14:34:39,708 - __main__ - DEBUG - Loading extension: cogs.utils
2024-07-06 14:34:39,724 - root - DEBUG - UtilsCog initialized
2024-07-06 14:34:39,731 - __main__ - INFO - Extensions loaded
2024-07-06 14:34:40,512 - discord.gateway - INFO - Shard ID None has connected to Gateway (Session ID: fc2528657d01de46651bf58cc9ce8821).
2024-07-06 14:34:42,531 - __main__ - INFO - Logged in as FriendlyMessagerBot#6052 (ID: 1258369461459615765)
2024-07-06 14:34:42,531 - __main__ - DEBUG - Bot is ready
2024-07-06 14:34:42,531 - __main__ - DEBUG - Updating status
2024-07-06 14:34:42,531 - __main__ - INFO - Status updated
2024-07-06 14:35:26,901 - __main__ - DEBUG - Loading extensions for sync
2024-07-06 14:35:26,901 - __main__ - DEBUG - Loading extensions
2024-07-06 14:35:26,901 - __main__ - DEBUG - Reloading extension: cogs.fun
2024-07-06 14:35:26,933 - root - DEBUG - FunCog initialized
2024-07-06 14:35:26,939 - __main__ - DEBUG - Reloading extension: cogs.moderation
2024-07-06 14:35:26,972 - root - DEBUG - ModerationCog initialized
2024-07-06 14:35:26,974 - root - DEBUG - ModerationCog loaded
2024-07-06 14:35:26,976 - __main__ - DEBUG - Reloading extension: cogs.owner_tools
2024-07-06 14:35:26,997 - root - DEBUG - OwnerToolsCog initialized
2024-07-06 14:35:26,997 - __main__ - DEBUG - Reloading extension: cogs.utils
2024-07-06 14:35:27,013 - root - DEBUG - UtilsCog initialized
2024-07-06 14:35:27,022 - __main__ - DEBUG - Extensions loaded
2024-07-06 14:35:27,778 - __main__ - INFO - Successfully synced 5 commands globally: sync, fun, moderation, ownertools, utils
2024-07-06 14:36:39,279 - root - DEBUG - Unmuted <@1055604443070079026> after duration.
2024-07-06 14:36:39,494 - root - DEBUG - Unmuted <@1055604443070079026> after duration.
2024-07-06 14:36:39,698 - root - DEBUG - Unmuted <@1055604443070079026> after duration.
2024-07-06 14:36:39,898 - root - DEBUG - Unmuted <@1055604443070079026> after duration.
2024-07-06 14:36:40,098 - root - DEBUG - Unmuted <@1055604443070079026> after duration.
2024-07-06 14:36:40,300 - root - DEBUG - Unmuted <@1055604443070079026> after duration.
2024-07-06 14:36:40,498 - root - DEBUG - Unmuted <@1055604443070079026> after duration.
2024-07-06 14:36:41,186 - root - DEBUG - Unmuted <@1055604443070079026> after duration.
2024-07-06 14:36:43,629 - root - DEBUG - Unmuted <@1055604443070079026> after duration.
2024-07-06 14:36:43,841 - root - DEBUG - Unmuted <@1055604443070079026> after duration.
2024-07-06 14:36:44,152 - root - DEBUG - Unmuted <@1055604443070079026> after duration.
2024-07-06 14:36:45,170 - root - DEBUG - Unmuted <@1055604443070079026> after duration.
2024-07-06 14:36:46,189 - root - DEBUG - Unmuted <@1055604443070079026> after duration.
2024-07-06 14:36:47,199 - root - DEBUG - Unmuted <@1055604443070079026> after duration.
2024-07-06 14:36:48,186 - root - DEBUG - Unmuted <@1055604443070079026> after duration.
2024-07-06 14:36:49,175 - root - DEBUG - Unmuted <@1055604443070079026> after duration.
2024-07-06 14:36:50,185 - root - DEBUG - Unmuted <@1055604443070079026> after duration.
2024-07-06 14:36:51,353 - root - DEBUG - Unmuted <@1055604443070079026> after duration.
2024-07-06 14:36:53,863 - root - DEBUG - Unmuted <@1055604443070079026> after duration.
2024-07-06 14:36:54,071 - root - DEBUG - Unmuted <@1055604443070079026> after duration.
2024-07-06 14:36:54,288 - root - DEBUG - Unmuted <@1055604443070079026> after duration.
2024-07-06 14:36:55,233 - root - DEBUG - Unmuted <@1055604443070079026> after duration.
2024-07-06 14:36:56,178 - root - DEBUG - Unmuted <@1055604443070079026> after duration.
2024-07-06 14:36:57,174 - root - DEBUG - Unmuted <@1055604443070079026> after duration.
2024-07-06 14:36:58,226 - root - DEBUG - Unmuted <@1055604443070079026> after duration.
2024-07-06 14:36:59,178 - root - DEBUG - Unmuted <@1055604443070079026> after duration.
2024-07-06 14:37:00,181 - root - DEBUG - Unmuted <@1055604443070079026> after duration.
2024-07-06 14:37:01,205 - root - DEBUG - Unmuted <@1055604443070079026> after duration.
2024-07-06 14:37:04,089 - root - DEBUG - Unmuted <@1055604443070079026> after duration.
2024-07-06 14:37:04,317 - root - DEBUG - Unmuted <@1055604443070079026> after duration.
2024-07-06 14:37:04,508 - root - DEBUG - Unmuted <@1055604443070079026> after duration.
2024-07-06 14:37:05,239 - root - DEBUG - Unmuted <@1055604443070079026> after duration.
2024-07-06 14:37:06,215 - root - DEBUG - Unmuted <@1055604443070079026> after duration.
2024-07-06 14:37:07,178 - root - DEBUG - Unmuted <@1055604443070079026> after duration.
2024-07-06 14:37:08,210 - root - DEBUG - Unmuted <@1055604443070079026> after duration.
2024-07-06 14:37:09,193 - root - DEBUG - Unmuted <@1055604443070079026> after duration.
2024-07-06 14:37:10,230 - root - DEBUG - Unmuted <@1055604443070079026> after duration.
2024-07-06 14:37:11,216 - root - DEBUG - Unmuted <@1055604443070079026> after duration.
2024-07-06 14:37:14,310 - root - DEBUG - Unmuted <@1055604443070079026> after duration.
2024-07-06 14:37:14,537 - root - DEBUG - Unmuted <@1055604443070079026> after duration.
2024-07-06 14:37:14,731 - root - DEBUG - Unmuted <@1055604443070079026> after duration.
2024-07-06 14:37:15,203 - root - DEBUG - Unmuted <@1055604443070079026> after duration.
2024-07-06 14:37:16,196 - root - DEBUG - Unmuted <@1055604443070079026> after duration.
2024-07-06 14:37:17,194 - root - DEBUG - Unmuted <@1055604443070079026> after duration.
2024-07-06 14:37:18,197 - root - DEBUG - Unmuted <@1055604443070079026> after duration.
2024-07-06 14:37:19,263 - root - DEBUG - Unmuted <@1055604443070079026> after duration.
2024-07-06 14:37:20,191 - root - DEBUG - Unmuted <@1055604443070079026> after duration.
2024-07-06 14:37:21,213 - root - DEBUG - Unmuted <@1055604443070079026> after duration.
2024-07-06 14:37:24,534 - root - DEBUG - Unmuted <@1055604443070079026> after duration.
2024-07-06 14:37:24,740 - root - DEBUG - Unmuted <@1055604443070079026> after duration.
2024-07-06 14:37:24,942 - root - DEBUG - Unmuted <@1055604443070079026> after duration.
2024-07-06 14:37:25,227 - root - DEBUG - Unmuted <@1055604443070079026> after duration.
2024-07-06 14:37:26,200 - root - DEBUG - Unmuted <@1055604443070079026> after duration.
2024-07-06 14:37:27,186 - root - DEBUG - Unmuted <@1055604443070079026> after duration.
2024-07-06 14:37:28,206 - root - DEBUG - Unmuted <@1055604443070079026> after duration.
2024-07-06 14:37:29,164 - root - DEBUG - Unmuted <@1055604443070079026> after duration.
2024-07-06 14:37:30,168 - root - DEBUG - Unmuted <@1055604443070079026> after duration.
2024-07-06 14:37:31,187 - root - DEBUG - Unmuted <@1055604443070079026> after duration.
2024-07-06 14:37:34,796 - root - DEBUG - Unmuted <@1055604443070079026> after duration.
2024-07-06 14:37:34,980 - root - DEBUG - Unmuted <@1055604443070079026> after duration.
2024-07-06 14:37:35,186 - root - DEBUG - Unmuted <@1055604443070079026> after duration.
2024-07-06 14:37:35,395 - root - DEBUG - Unmuted <@1055604443070079026> after duration.
2024-07-06 14:37:36,224 - root - DEBUG - Unmuted <@1055604443070079026> after duration.
2024-07-06 14:37:37,179 - root - DEBUG - Unmuted <@1055604443070079026> after duration.
2024-07-06 14:37:38,199 - root - DEBUG - Unmuted <@1055604443070079026> after duration.
2024-07-06 14:37:39,189 - root - DEBUG - Unmuted <@1055604443070079026> after duration.
2024-07-06 14:37:40,164 - root - DEBUG - Unmuted <@1055604443070079026> after duration.
2024-07-06 14:37:41,227 - root - DEBUG - Unmuted <@1055604443070079026> after duration.
2024-07-06 14:37:45,039 - root - DEBUG - Unmuted <@1055604443070079026> after duration.
2024-07-06 14:37:45,258 - root - DEBUG - Unmuted <@1055604443070079026> after duration.
2024-07-06 14:37:45,467 - root - DEBUG - Unmuted <@1055604443070079026> after duration.
2024-07-06 14:37:45,667 - root - DEBUG - Unmuted <@1055604443070079026> after duration.
2024-07-06 14:37:46,184 - root - DEBUG - Unmuted <@1055604443070079026> after duration.
2024-07-06 14:37:47,203 - root - DEBUG - Unmuted <@1055604443070079026> after duration.
2024-07-06 14:37:48,191 - root - DEBUG - Unmuted <@1055604443070079026> after duration.
2024-07-06 14:37:49,277 - root - DEBUG - Unmuted <@1055604443070079026> after duration.
2024-07-06 14:37:50,189 - root - DEBUG - Unmuted <@1055604443070079026> after duration.
2024-07-06 14:37:51,215 - root - DEBUG - Unmuted <@1055604443070079026> after duration.
2024-07-06 14:37:55,279 - root - DEBUG - Unmuted <@1055604443070079026> after duration.
2024-07-06 14:37:55,504 - root - DEBUG - Unmuted <@1055604443070079026> after duration.
2024-07-06 14:37:55,705 - root - DEBUG - Unmuted <@1055604443070079026> after duration.
2024-07-06 14:37:55,921 - root - DEBUG - Unmuted <@1055604443070079026> after duration.
2024-07-06 14:37:56,185 - root - DEBUG - Unmuted <@1055604443070079026> after duration.
2024-07-06 14:37:57,187 - root - DEBUG - Unmuted <@1055604443070079026> after duration.
2024-07-06 14:37:58,186 - root - DEBUG - Unmuted <@1055604443070079026> after duration.
2024-07-06 14:37:59,186 - root - DEBUG - Unmuted <@1055604443070079026> after duration.
2024-07-06 14:38:00,313 - root - DEBUG - Unmuted <@1055604443070079026> after duration.
2024-07-06 14:38:01,228 - root - DEBUG - Unmuted <@1055604443070079026> after duration.
2024-07-06 14:38:05,565 - root - DEBUG - Unmuted <@1055604443070079026> after duration.
2024-07-06 14:38:05,760 - root - DEBUG - Unmuted <@1055604443070079026> after duration.
2024-07-06 14:38:05,961 - root - DEBUG - Unmuted <@1055604443070079026> after duration.
2024-07-06 14:38:06,207 - root - DEBUG - Unmuted <@1055604443070079026> after duration.
2024-07-06 14:38:06,410 - root - DEBUG - Unmuted <@1055604443070079026> after duration.
2024-07-06 14:38:07,205 - root - DEBUG - Unmuted <@1055604443070079026> after duration.
2024-07-06 14:38:08,285 - root - DEBUG - Unmuted <@1055604443070079026> after duration.
2024-07-06 14:38:09,197 - root - DEBUG - Unmuted <@1055604443070079026> after duration.
2024-07-06 14:38:10,285 - root - DEBUG - Unmuted <@1055604443070079026> after duration.
2024-07-06 14:38:11,168 - root - DEBUG - Unmuted <@1055604443070079026> after duration.
2024-07-06 14:38:15,761 - root - DEBUG - Unmuted <@1055604443070079026> after duration.
2024-07-06 14:38:15,970 - root - DEBUG - Unmuted <@1055604443070079026> after duration.
2024-07-06 14:38:16,169 - root - DEBUG - Unmuted <@1055604443070079026> after duration.
2024-07-06 14:38:16,408 - root - DEBUG - Unmuted <@1055604443070079026> after duration.
2024-07-06 14:38:16,633 - root - DEBUG - Unmuted <@1055604443070079026> after duration.
2024-07-06 14:38:17,230 - root - DEBUG - Unmuted <@1055604443070079026> after duration.
2024-07-06 14:38:18,226 - root - DEBUG - Unmuted <@1055604443070079026> after duration.
2024-07-06 14:38:19,492 - root - DEBUG - Unmuted <@1055604443070079026> after duration.
2024-07-06 14:38:20,224 - root - DEBUG - Unmuted <@1055604443070079026> after duration.
2024-07-06 14:38:21,219 - root - DEBUG - Unmuted <@1055604443070079026> after duration.
2024-07-06 14:38:26,019 - root - DEBUG - Unmuted <@1055604443070079026> after duration.
2024-07-06 14:38:26,266 - root - DEBUG - Unmuted <@1055604443070079026> after duration.
2024-07-06 14:38:26,485 - root - DEBUG - Unmuted <@1055604443070079026> after duration.
2024-07-06 14:38:26,718 - root - DEBUG - Unmuted <@1055604443070079026> after duration.
2024-07-06 14:38:26,935 - root - DEBUG - Unmuted <@1055604443070079026> after duration.
2024-07-06 14:38:27,168 - root - DEBUG - Unmuted <@1055604443070079026> after duration.
2024-07-06 14:38:28,182 - root - DEBUG - Unmuted <@1055604443070079026> after duration.
2024-07-06 14:38:29,184 - root - DEBUG - Unmuted <@1055604443070079026> after duration.
2024-07-06 14:38:30,184 - root - DEBUG - Unmuted <@1055604443070079026> after duration.
2024-07-06 14:38:31,169 - root - DEBUG - Unmuted <@1055604443070079026> after duration.
2024-07-06 14:38:36,262 - root - DEBUG - Unmuted <@1055604443070079026> after duration.
2024-07-06 14:38:36,471 - root - DEBUG - Unmuted <@1055604443070079026> after duration.
2024-07-06 14:38:36,662 - root - DEBUG - Unmuted <@1055604443070079026> after duration.
2024-07-06 14:38:36,900 - root - DEBUG - Unmuted <@1055604443070079026> after duration.
2024-07-06 14:38:37,113 - root - DEBUG - Unmuted <@1055604443070079026> after duration.
2024-07-06 14:38:37,323 - root - DEBUG - Unmuted <@1055604443070079026> after duration.
2024-07-06 14:38:38,166 - root - DEBUG - Unmuted <@1055604443070079026> after duration.
2024-07-06 14:38:39,234 - root - DEBUG - Unmuted <@1055604443070079026> after duration.
2024-07-06 14:38:40,216 - root - DEBUG - Unmuted <@1055604443070079026> after duration.
2024-07-06 14:38:41,221 - root - DEBUG - Unmuted <@1055604443070079026> after duration.
2024-07-06 14:38:46,466 - root - DEBUG - Unmuted <@1055604443070079026> after duration.
2024-07-06 14:38:46,658 - root - DEBUG - Unmuted <@1055604443070079026> after duration.
2024-07-06 14:38:46,858 - root - DEBUG - Unmuted <@1055604443070079026> after duration.
2024-07-06 14:38:47,057 - root - DEBUG - Unmuted <@1055604443070079026> after duration.
2024-07-06 14:38:47,308 - root - DEBUG - Unmuted <@1055604443070079026> after duration.
2024-07-06 14:38:47,531 - root - DEBUG - Unmuted <@1055604443070079026> after duration.
2024-07-06 14:38:48,238 - root - DEBUG - Unmuted <@1055604443070079026> after duration.
2024-07-06 14:38:49,189 - root - DEBUG - Unmuted <@1055604443070079026> after duration.
2024-07-06 14:38:50,175 - root - DEBUG - Unmuted <@1055604443070079026> after duration.
2024-07-06 14:38:51,194 - root - DEBUG - Unmuted <@1055604443070079026> after duration.
2024-07-06 14:38:56,689 - root - DEBUG - Unmuted <@1055604443070079026> after duration.
2024-07-06 14:38:56,924 - root - DEBUG - Unmuted <@1055604443070079026> after duration.
2024-07-06 14:38:57,133 - root - DEBUG - Unmuted <@1055604443070079026> after duration.
2024-07-06 14:38:57,333 - root - DEBUG - Unmuted <@1055604443070079026> after duration.
2024-07-06 14:38:57,553 - root - DEBUG - Unmuted <@1055604443070079026> after duration.
2024-07-06 14:38:57,734 - root - DEBUG - Unmuted <@1055604443070079026> after duration.
2024-07-06 14:38:58,180 - root - DEBUG - Unmuted <@1055604443070079026> after duration.
2024-07-06 14:39:00,251 - root - DEBUG - Unmuted <@1055604443070079026> after duration.
2024-07-06 14:39:01,195 - root - DEBUG - Unmuted <@1055604443070079026> after duration.
2024-07-06 14:39:06,932 - root - DEBUG - Unmuted <@1055604443070079026> after duration.
2024-07-06 14:39:07,137 - root - DEBUG - Unmuted <@1055604443070079026> after duration.
2024-07-06 14:39:07,370 - root - DEBUG - Unmuted <@1055604443070079026> after duration.
2024-07-06 14:39:07,591 - root - DEBUG - Unmuted <@1055604443070079026> after duration.
2024-07-06 14:39:07,819 - root - DEBUG - Unmuted <@1055604443070079026> after duration.
2024-07-06 14:39:08,052 - root - DEBUG - Unmuted <@1055604443070079026> after duration.
2024-07-06 14:39:08,271 - root - DEBUG - Unmuted <@1055604443070079026> after duration.
2024-07-06 14:39:09,177 - root - DEBUG - Unmuted <@1055604443070079026> after duration.
2024-07-06 14:39:10,195 - root - DEBUG - Unmuted <@1055604443070079026> after duration.
2024-07-06 14:39:11,218 - root - DEBUG - Unmuted <@1055604443070079026> after duration.
2024-07-06 14:39:17,146 - root - DEBUG - Unmuted <@1055604443070079026> after duration.
2024-07-06 14:39:17,359 - root - DEBUG - Unmuted <@1055604443070079026> after duration.
2024-07-06 14:39:17,592 - root - DEBUG - Unmuted <@1055604443070079026> after duration.
2024-07-06 14:39:17,825 - root - DEBUG - Unmuted <@1055604443070079026> after duration.
2024-07-06 14:39:18,042 - root - DEBUG - Unmuted <@1055604443070079026> after duration.
2024-07-06 14:39:18,227 - root - DEBUG - Unmuted <@1055604443070079026> after duration.
2024-07-06 14:39:18,474 - root - DEBUG - Unmuted <@1055604443070079026> after duration.
2024-07-06 14:39:19,217 - root - DEBUG - Unmuted <@1055604443070079026> after duration.
2024-07-06 14:39:20,188 - root - DEBUG - Unmuted <@1055604443070079026> after duration.
2024-07-06 14:39:21,205 - root - DEBUG - Unmuted <@1055604443070079026> after duration.
2024-07-06 14:39:27,389 - root - DEBUG - Unmuted <@1055604443070079026> after duration.
2024-07-06 14:39:27,594 - root - DEBUG - Unmuted <@1055604443070079026> after duration.
2024-07-06 14:39:27,828 - root - DEBUG - Unmuted <@1055604443070079026> after duration.
2024-07-06 14:39:28,003 - root - DEBUG - Unmuted <@1055604443070079026> after duration.
2024-07-06 14:39:28,212 - root - DEBUG - Unmuted <@1055604443070079026> after duration.
2024-07-06 14:39:28,440 - root - DEBUG - Unmuted <@1055604443070079026> after duration.
2024-07-06 14:39:28,707 - root - DEBUG - Unmuted <@1055604443070079026> after duration.
2024-07-06 14:39:29,256 - root - DEBUG - Unmuted <@1055604443070079026> after duration.
2024-07-06 14:39:30,325 - root - DEBUG - Unmuted <@1055604443070079026> after duration.
2024-07-06 14:39:31,272 - root - DEBUG - Unmuted <@1055604443070079026> after duration.
2024-07-06 14:39:37,606 - root - DEBUG - Unmuted <@1055604443070079026> after duration.
2024-07-06 14:39:37,809 - root - DEBUG - Unmuted <@1055604443070079026> after duration.
2024-07-06 14:39:38,011 - root - DEBUG - Unmuted <@1055604443070079026> after duration.
2024-07-06 14:39:38,205 - root - DEBUG - Unmuted <@1055604443070079026> after duration.
2024-07-06 14:39:38,422 - root - DEBUG - Unmuted <@1055604443070079026> after duration.
2024-07-06 14:39:38,663 - root - DEBUG - Unmuted <@1055604443070079026> after duration.
2024-07-06 14:39:38,870 - root - DEBUG - Unmuted <@1055604443070079026> after duration.
2024-07-06 14:39:39,194 - root - DEBUG - Unmuted <@1055604443070079026> after duration.
2024-07-06 14:39:40,229 - root - DEBUG - Unmuted <@1055604443070079026> after duration.
2024-07-06 14:39:41,246 - root - DEBUG - Unmuted <@1055604443070079026> after duration.
2024-07-06 14:39:47,840 - root - DEBUG - Unmuted <@1055604443070079026> after duration.
2024-07-06 14:39:48,037 - root - DEBUG - Unmuted <@1055604443070079026> after duration.
2024-07-06 14:39:48,227 - root - DEBUG - Unmuted <@1055604443070079026> after duration.
2024-07-06 14:39:48,557 - root - DEBUG - Unmuted <@1055604443070079026> after duration.
2024-07-06 14:39:48,762 - root - DEBUG - Unmuted <@1055604443070079026> after duration.
2024-07-06 14:39:48,967 - root - DEBUG - Unmuted <@1055604443070079026> after duration.
2024-07-06 14:39:49,189 - root - DEBUG - Unmuted <@1055604443070079026> after duration.
2024-07-06 14:39:49,405 - root - DEBUG - Unmuted <@1055604443070079026> after duration.
2024-07-06 14:39:50,198 - root - DEBUG - Unmuted <@1055604443070079026> after duration.
2024-07-06 14:39:51,186 - root - DEBUG - Unmuted <@1055604443070079026> after duration.
2024-07-06 14:39:58,067 - root - DEBUG - Unmuted <@1055604443070079026> after duration.
2024-07-06 14:39:58,284 - root - DEBUG - Unmuted <@1055604443070079026> after duration.
2024-07-06 14:39:58,479 - root - DEBUG - Unmuted <@1055604443070079026> after duration.
2024-07-06 14:39:58,693 - root - DEBUG - Unmuted <@1055604443070079026> after duration.
2024-07-06 14:39:58,900 - root - DEBUG - Unmuted <@1055604443070079026> after duration.
2024-07-06 14:39:59,129 - root - DEBUG - Unmuted <@1055604443070079026> after duration.
2024-07-06 14:39:59,329 - root - DEBUG - Unmuted <@1055604443070079026> after duration.
2024-07-06 14:39:59,529 - root - DEBUG - Unmuted <@1055604443070079026> after duration.
2024-07-06 14:40:00,173 - root - DEBUG - Unmuted <@1055604443070079026> after duration.
2024-07-06 14:40:01,194 - root - DEBUG - Unmuted <@1055604443070079026> after duration.
2024-07-06 14:40:02,938 - root - DEBUG - ModerationCog initialized
2024-07-06 14:40:02,938 - root - DEBUG - ModerationCog loaded
2024-07-06 14:40:08,257 - root - DEBUG - Unmuted <@1055604443070079026> after duration.
2024-07-06 14:40:08,468 - root - DEBUG - Unmuted <@1055604443070079026> after duration.
2024-07-06 14:40:08,703 - root - DEBUG - Unmuted <@1055604443070079026> after duration.
2024-07-06 14:40:08,910 - root - DEBUG - Unmuted <@1055604443070079026> after duration.
2024-07-06 14:40:09,109 - root - DEBUG - Unmuted <@1055604443070079026> after duration.
2024-07-06 14:40:09,343 - root - DEBUG - Unmuted <@1055604443070079026> after duration.
2024-07-06 14:40:09,609 - root - DEBUG - Unmuted <@1055604443070079026> after duration.
2024-07-06 14:40:09,840 - root - DEBUG - Unmuted <@1055604443070079026> after duration.
2024-07-06 14:40:10,232 - root - DEBUG - Unmuted <@1055604443070079026> after duration.
2024-07-06 14:40:11,192 - root - DEBUG - Unmuted <@1055604443070079026> after duration.
2024-07-06 14:40:18,467 - root - DEBUG - Unmuted <@1055604443070079026> after duration.
2024-07-06 14:40:18,678 - root - DEBUG - Unmuted <@1055604443070079026> after duration.
2024-07-06 14:40:18,950 - root - DEBUG - Unmuted <@1055604443070079026> after duration.
2024-07-06 14:40:19,152 - root - DEBUG - Unmuted <@1055604443070079026> after duration.
2024-07-06 14:40:19,340 - root - DEBUG - Unmuted <@1055604443070079026> after duration.
2024-07-06 14:40:19,555 - root - DEBUG - Unmuted <@1055604443070079026> after duration.
2024-07-06 14:40:19,771 - root - DEBUG - Unmuted <@1055604443070079026> after duration.
2024-07-06 14:40:19,996 - root - DEBUG - Unmuted <@1055604443070079026> after duration.
2024-07-06 14:40:20,265 - root - DEBUG - Unmuted <@1055604443070079026> after duration.
2024-07-06 14:40:21,244 - root - DEBUG - Unmuted <@1055604443070079026> after duration.
2024-07-06 14:40:28,695 - root - DEBUG - Unmuted <@1055604443070079026> after duration.
2024-07-06 14:40:28,891 - root - DEBUG - Unmuted <@1055604443070079026> after duration.
2024-07-06 14:40:29,133 - root - DEBUG - Unmuted <@1055604443070079026> after duration.
2024-07-06 14:40:29,361 - root - DEBUG - Unmuted <@1055604443070079026> after duration.
2024-07-06 14:40:29,565 - root - DEBUG - Unmuted <@1055604443070079026> after duration.
2024-07-06 14:40:29,824 - root - DEBUG - Unmuted <@1055604443070079026> after duration.
2024-07-06 14:40:30,047 - root - DEBUG - Unmuted <@1055604443070079026> after duration.
2024-07-06 14:40:30,272 - root - DEBUG - Unmuted <@1055604443070079026> after duration.
2024-07-06 14:40:30,449 - root - DEBUG - Unmuted <@1055604443070079026> after duration.
2024-07-06 14:40:30,918 - __main__ - INFO - Shutting down bot
2024-07-06 14:40:39,951 - __main__ - DEBUG - Initializing MyBot
2024-07-06 14:40:39,967 - discord.client - DEBUG - on_ready has successfully been registered as an event
2024-07-06 14:40:39,975 - asyncio - DEBUG - Using proactor: IocpProactor
2024-07-06 14:40:39,980 - discord.client - INFO - logging in using static token
2024-07-06 14:40:41,047 - __main__ - DEBUG - Running setup_hook
2024-07-06 14:40:41,373 - __main__ - INFO - Sync command added and tree synced
2024-07-06 14:40:41,373 - __main__ - DEBUG - Loading extensions
2024-07-06 14:40:41,373 - __main__ - DEBUG - Loading extension: cogs.fun
2024-07-06 14:40:41,402 - root - DEBUG - FunCog initialized
2024-07-06 14:40:41,405 - __main__ - DEBUG - Loading extension: cogs.moderation
2024-07-06 14:40:41,407 - root - DEBUG - ModerationCog initialized
2024-07-06 14:40:41,407 - root - DEBUG - ModerationCog loaded
2024-07-06 14:40:41,420 - __main__ - DEBUG - Loading extension: cogs.owner_tools
2024-07-06 14:40:41,424 - root - DEBUG - OwnerToolsCog initialized
2024-07-06 14:40:41,424 - __main__ - DEBUG - Loading extension: cogs.utils
2024-07-06 14:40:41,440 - root - DEBUG - UtilsCog initialized
2024-07-06 14:40:41,440 - __main__ - INFO - Extensions loaded
2024-07-06 14:40:42,048 - discord.gateway - INFO - Shard ID None has connected to Gateway (Session ID: 28c852bd6a1ef866871020f515bea376).
2024-07-06 14:40:44,092 - __main__ - INFO - Logged in as FriendlyMessagerBot#6052 (ID: 1258369461459615765)
2024-07-06 14:40:44,092 - __main__ - DEBUG - Bot is ready
2024-07-06 14:40:44,092 - __main__ - DEBUG - Updating status
2024-07-06 14:40:44,092 - __main__ - INFO - Status updated
2024-07-06 14:40:57,428 - __main__ - DEBUG - Loading extensions for sync
2024-07-06 14:40:57,428 - __main__ - DEBUG - Loading extensions
2024-07-06 14:40:57,428 - __main__ - DEBUG - Reloading extension: cogs.fun
2024-07-06 14:40:57,445 - root - DEBUG - FunCog initialized
2024-07-06 14:40:57,445 - __main__ - DEBUG - Reloading extension: cogs.moderation
2024-07-06 14:40:57,481 - root - DEBUG - ModerationCog initialized
2024-07-06 14:40:57,483 - root - DEBUG - ModerationCog loaded
2024-07-06 14:40:57,486 - __main__ - DEBUG - Reloading extension: cogs.owner_tools
2024-07-06 14:40:57,504 - root - DEBUG - OwnerToolsCog initialized
2024-07-06 14:40:57,504 - __main__ - DEBUG - Reloading extension: cogs.utils
2024-07-06 14:40:57,534 - root - DEBUG - UtilsCog initialized
2024-07-06 14:40:57,535 - __main__ - DEBUG - Extensions loaded
2024-07-06 14:41:41,834 - __main__ - INFO - Successfully synced 5 commands globally: sync, fun, moderation, ownertools, utils
2024-07-06 14:45:30,218 - root - DEBUG - Unmuted <@1258369461459615765> after duration.
2024-07-06 14:46:08,602 - root - ERROR - Failed to mute <@1055604443070079026>: This interaction has already been responded to before
2024-07-06 14:46:08,605 - __main__ - ERROR - Error in command <discord.app_commands.commands.Command object at 0x000001E7B9C26DE0>: Command 'mute' raised an exception: InteractionResponded: This interaction has already been responded to before
Traceback (most recent call last):
  File "C:\Users\aleks\OneDrive\Desktop\Discord\cogs\moderation.py", line 154, in mute
    await interaction.response.send_message(" Invalid duration format. Please use '1h', '10m', etc.", ephemeral=True)
  File "c:\Users\aleks\AppData\Local\Programs\Python\Python312\Lib\site-packages\discord\interactions.py", line 827, in send_message
    raise InteractionResponded(self._parent)
discord.errors.InteractionResponded: This interaction has already been responded to before

During handling of the above exception, another exception occurred:

Traceback (most recent call last):
  File "c:\Users\aleks\AppData\Local\Programs\Python\Python312\Lib\site-packages\discord\app_commands\commands.py", line 857, in _do_call
    return await self._callback(self.binding, interaction, **params)  # type: ignore
           ^^^^^^^^^^^^^^^^^^^^^^^^^^^^^^^^^^^^^^^^^^^^^^^^^^^^^^^^^
  File "C:\Users\aleks\OneDrive\Desktop\Discord\cogs\moderation.py", line 165, in mute
    await interaction.response.send_message(f' Failed to mute {member.mention}: An unexpected error occurred.', ephemeral=True)
  File "c:\Users\aleks\AppData\Local\Programs\Python\Python312\Lib\site-packages\discord\interactions.py", line 827, in send_message
    raise InteractionResponded(self._parent)
discord.errors.InteractionResponded: This interaction has already been responded to before

The above exception was the direct cause of the following exception:

Traceback (most recent call last):
  File "c:\Users\aleks\AppData\Local\Programs\Python\Python312\Lib\site-packages\discord\app_commands\tree.py", line 1310, in _call
    await command._invoke_with_namespace(interaction, namespace)
  File "c:\Users\aleks\AppData\Local\Programs\Python\Python312\Lib\site-packages\discord\app_commands\commands.py", line 883, in _invoke_with_namespace
    return await self._do_call(interaction, transformed_values)
           ^^^^^^^^^^^^^^^^^^^^^^^^^^^^^^^^^^^^^^^^^^^^^^^^^^^^
  File "c:\Users\aleks\AppData\Local\Programs\Python\Python312\Lib\site-packages\discord\app_commands\commands.py", line 876, in _do_call
    raise CommandInvokeError(self, e) from e
discord.app_commands.errors.CommandInvokeError: Command 'mute' raised an exception: InteractionResponded: This interaction has already been responded to before
2024-07-06 14:46:55,795 - root - DEBUG - Unmuted <@1055604443070079026> after duration.
2024-07-06 14:49:59,539 - __main__ - ERROR - Error in command <discord.app_commands.commands.Command object at 0x000001E7B9C25310>: You are on cooldown. Try again in 2.75s
Traceback (most recent call last):
  File "c:\Users\aleks\AppData\Local\Programs\Python\Python312\Lib\site-packages\discord\app_commands\tree.py", line 1310, in _call
    await command._invoke_with_namespace(interaction, namespace)
  File "c:\Users\aleks\AppData\Local\Programs\Python\Python312\Lib\site-packages\discord\app_commands\commands.py", line 879, in _invoke_with_namespace
    if not await self._check_can_run(interaction):
           ^^^^^^^^^^^^^^^^^^^^^^^^^^^^^^^^^^^^^^
  File "c:\Users\aleks\AppData\Local\Programs\Python\Python312\Lib\site-packages\discord\app_commands\commands.py", line 1017, in _check_can_run
    return await async_all(f(interaction) for f in predicates)
           ^^^^^^^^^^^^^^^^^^^^^^^^^^^^^^^^^^^^^^^^^^^^^^^^^^^
  File "c:\Users\aleks\AppData\Local\Programs\Python\Python312\Lib\site-packages\discord\utils.py", line 706, in async_all
    elem = await elem
           ^^^^^^^^^^
  File "c:\Users\aleks\AppData\Local\Programs\Python\Python312\Lib\site-packages\discord\app_commands\checks.py", line 407, in predicate
    raise CommandOnCooldown(bucket, retry_after)
discord.app_commands.errors.CommandOnCooldown: You are on cooldown. Try again in 2.75s
2024-07-06 14:50:36,194 - __main__ - INFO - Received shutdown signal
2024-07-06 14:50:36,194 - __main__ - INFO - Shutting down bot
